{"meta": {"format": 3, "version": "7.10.7", "timestamp": "2025-11-01T16:59:29.547261", "branch_coverage": false, "show_contexts": false}, "files": {"app/__init__.py": {"executed_lines": [1, 8, 9, 10, 13, 24, 27, 28, 32, 63, 70, 73, 74, 76], "summary": {"covered_lines": 13, "num_statements": 28, "percent_covered": 46.42857142857143, "percent_covered_display": "46", "missing_lines": 15, "excluded_lines": 0}, "missing_lines": [33, 34, 36, 38, 39, 46, 47, 48, 49, 50, 51, 52, 54, 55, 56], "excluded_lines": [], "functions": {"create_app": {"executed_lines": [24, 27, 28, 32, 63, 70, 73, 74, 76], "summary": {"covered_lines": 9, "num_statements": 16, "percent_covered": 56.25, "percent_covered_display": "56", "missing_lines": 7, "excluded_lines": 0}, "missing_lines": [33, 34, 36, 38, 54, 55, 56], "excluded_lines": []}, "create_app.StructuredJSONFormatter.format": {"executed_lines": [], "summary": {"covered_lines": 0, "num_statements": 8, "percent_covered": 0.0, "percent_covered_display": "0", "missing_lines": 8, "excluded_lines": 0}, "missing_lines": [39, 46, 47, 48, 49, 50, 51, 52], "excluded_lines": []}, "": {"executed_lines": [1, 8, 9, 10, 13], "summary": {"covered_lines": 4, "num_statements": 4, "percent_covered": 100.0, "percent_covered_display": "100", "missing_lines": 0, "excluded_lines": 0}, "missing_lines": [], "excluded_lines": []}}, "classes": {"create_app.StructuredJSONFormatter": {"executed_lines": [], "summary": {"covered_lines": 0, "num_statements": 8, "percent_covered": 0.0, "percent_covered_display": "0", "missing_lines": 8, "excluded_lines": 0}, "missing_lines": [39, 46, 47, 48, 49, 50, 51, 52], "excluded_lines": []}, "": {"executed_lines": [1, 8, 9, 10, 13, 24, 27, 28, 32, 63, 70, 73, 74, 76], "summary": {"covered_lines": 13, "num_statements": 20, "percent_covered": 65.0, "percent_covered_display": "65", "missing_lines": 7, "excluded_lines": 0}, "missing_lines": [33, 34, 36, 38, 54, 55, 56], "excluded_lines": []}}}, "app/config.py": {"executed_lines": [1, 8, 9, 12, 13, 21, 26, 30, 33, 36, 39, 42, 43, 44, 45, 46, 47, 48], "summary": {"covered_lines": 16, "num_statements": 16, "percent_covered": 100.0, "percent_covered_display": "100", "missing_lines": 0, "excluded_lines": 0}, "missing_lines": [], "excluded_lines": [], "functions": {"": {"executed_lines": [1, 8, 9, 12, 13, 21, 26, 30, 33, 36, 39, 42, 43, 44, 45, 46, 47, 48], "summary": {"covered_lines": 16, "num_statements": 16, "percent_covered": 100.0, "percent_covered_display": "100", "missing_lines": 0, "excluded_lines": 0}, "missing_lines": [], "excluded_lines": []}}, "classes": {"Config": {"executed_lines": [], "summary": {"covered_lines": 0, "num_statements": 0, "percent_covered": 100.0, "percent_covered_display": "100", "missing_lines": 0, "excluded_lines": 0}, "missing_lines": [], "excluded_lines": []}, "": {"executed_lines": [1, 8, 9, 12, 13, 21, 26, 30, 33, 36, 39, 42, 43, 44, 45, 46, 47, 48], "summary": {"covered_lines": 16, "num_statements": 16, "percent_covered": 100.0, "percent_covered_display": "100", "missing_lines": 0, "excluded_lines": 0}, "missing_lines": [], "excluded_lines": []}}}, "app/exceptions.py": {"executed_lines": [1, 9, 10, 23, 32, 33, 34, 37, 38, 44, 47, 48, 61, 70, 71, 72, 73], "summary": {"covered_lines": 14, "num_statements": 17, "percent_covered": 82.3529411764706, "percent_covered_display": "82", "missing_lines": 3, "excluded_lines": 0}, "missing_lines": [39, 40, 42], "excluded_lines": [], "functions": {"XMLValidationError.__init__": {"executed_lines": [32, 33, 34, 37, 38, 44], "summary": {"covered_lines": 6, "num_statements": 9, "percent_covered": 66.66666666666667, "percent_covered_display": "67", "missing_lines": 3, "excluded_lines": 0}, "missing_lines": [39, 40, 42], "excluded_lines": []}, "FileSizeExceededError.__init__": {"executed_lines": [70, 71, 72, 73], "summary": {"covered_lines": 4, "num_statements": 4, "percent_covered": 100.0, "percent_covered_display": "100", "missing_lines": 0, "excluded_lines": 0}, "missing_lines": [], "excluded_lines": []}, "": {"executed_lines": [1, 9, 10, 23, 47, 48, 61], "summary": {"covered_lines": 4, "num_statements": 4, "percent_covered": 100.0, "percent_covered_display": "100", "missing_lines": 0, "excluded_lines": 0}, "missing_lines": [], "excluded_lines": []}}, "classes": {"XMLValidationError": {"executed_lines": [32, 33, 34, 37, 38, 44], "summary": {"covered_lines": 6, "num_statements": 9, "percent_covered": 66.66666666666667, "percent_covered_display": "67", "missing_lines": 3, "excluded_lines": 0}, "missing_lines": [39, 40, 42], "excluded_lines": []}, "FileSizeExceededError": {"executed_lines": [70, 71, 72, 73], "summary": {"covered_lines": 4, "num_statements": 4, "percent_covered": 100.0, "percent_covered_display": "100", "missing_lines": 0, "excluded_lines": 0}, "missing_lines": [], "excluded_lines": []}, "": {"executed_lines": [1, 9, 10, 23, 47, 48, 61], "summary": {"covered_lines": 4, "num_statements": 4, "percent_covered": 100.0, "percent_covered_display": "100", "missing_lines": 0, "excluded_lines": 0}, "missing_lines": [], "excluded_lines": []}}}, "app/routes/__init__.py": {"executed_lines": [1], "summary": {"covered_lines": 0, "num_statements": 0, "percent_covered": 100.0, "percent_covered_display": "100", "missing_lines": 0, "excluded_lines": 0}, "missing_lines": [], "excluded_lines": [], "functions": {"": {"executed_lines": [1], "summary": {"covered_lines": 0, "num_statements": 0, "percent_covered": 100.0, "percent_covered_display": "100", "missing_lines": 0, "excluded_lines": 0}, "missing_lines": [], "excluded_lines": []}}, "classes": {"": {"executed_lines": [1], "summary": {"covered_lines": 0, "num_statements": 0, "percent_covered": 100.0, "percent_covered_display": "100", "missing_lines": 0, "excluded_lines": 0}, "missing_lines": [], "excluded_lines": []}}}, "app/routes/convert.py": {"executed_lines": [1, 8, 9, 10, 11, 12, 13, 23, 25, 26, 29, 30, 40, 43, 44, 61, 64, 65, 66, 72, 73, 74, 75, 80, 83, 84, 85, 89, 92, 93, 94, 95, 98, 118, 120, 121, 124, 125, 128, 129, 130, 139, 142, 145, 146, 147, 148, 149, 150, 151, 152, 159, 160, 163, 171, 172, 173, 174, 175, 176, 179, 180, 182, 183, 185, 189], "summary": {"covered_lines": 65, "num_statements": 79, "percent_covered": 82.27848101265823, "percent_covered_display": "82", "missing_lines": 14, "excluded_lines": 0}, "missing_lines": [104, 105, 110, 131, 133, 134, 136, 153, 154, 155, 156, 190, 192, 197], "excluded_lines": [], "functions": {"health_check": {"executed_lines": [40], "summary": {"covered_lines": 1, "num_statements": 1, "percent_covered": 100.0, "percent_covered_display": "100", "missing_lines": 0, "excluded_lines": 0}, "missing_lines": [], "excluded_lines": []}, "convert_xml_to_json": {"executed_lines": [61, 64, 65, 66, 72, 73, 74, 75, 80, 83, 84, 85, 89, 92, 93, 94, 95, 98, 118, 120, 121, 124, 125, 128, 129, 130, 139, 142, 145, 146, 147, 148, 149, 150, 151, 152, 159, 160, 163, 171, 172, 173, 174, 175, 176, 179, 180, 182, 183, 185, 189], "summary": {"covered_lines": 51, "num_statements": 65, "percent_covered": 78.46153846153847, "percent_covered_display": "78", "missing_lines": 14, "excluded_lines": 0}, "missing_lines": [104, 105, 110, 131, 133, 134, 136, 153, 154, 155, 156, 190, 192, 197], "excluded_lines": []}, "": {"executed_lines": [1, 8, 9, 10, 11, 12, 13, 23, 25, 26, 29, 30, 43, 44], "summary": {"covered_lines": 13, "num_statements": 13, "percent_covered": 100.0, "percent_covered_display": "100", "missing_lines": 0, "excluded_lines": 0}, "missing_lines": [], "excluded_lines": []}}, "classes": {"": {"executed_lines": [1, 8, 9, 10, 11, 12, 13, 23, 25, 26, 29, 30, 40, 43, 44, 61, 64, 65, 66, 72, 73, 74, 75, 80, 83, 84, 85, 89, 92, 93, 94, 95, 98, 118, 120, 121, 124, 125, 128, 129, 130, 139, 142, 145, 146, 147, 148, 149, 150, 151, 152, 159, 160, 163, 171, 172, 173, 174, 175, 176, 179, 180, 182, 183, 185, 189], "summary": {"covered_lines": 65, "num_statements": 79, "percent_covered": 82.27848101265823, "percent_covered_display": "82", "missing_lines": 14, "excluded_lines": 0}, "missing_lines": [104, 105, 110, 131, 133, 134, 136, 153, 154, 155, 156, 190, 192, 197], "excluded_lines": []}}}, "app/services/__init__.py": {"executed_lines": [1], "summary": {"covered_lines": 0, "num_statements": 0, "percent_covered": 100.0, "percent_covered_display": "100", "missing_lines": 0, "excluded_lines": 0}, "missing_lines": [], "excluded_lines": [], "functions": {"": {"executed_lines": [1], "summary": {"covered_lines": 0, "num_statements": 0, "percent_covered": 100.0, "percent_covered_display": "100", "missing_lines": 0, "excluded_lines": 0}, "missing_lines": [], "excluded_lines": []}}, "classes": {"": {"executed_lines": [1], "summary": {"covered_lines": 0, "num_statements": 0, "percent_covered": 100.0, "percent_covered_display": "100", "missing_lines": 0, "excluded_lines": 0}, "missing_lines": [], "excluded_lines": []}}}, "app/services/json_converter.py": {"executed_lines": [1, 8, 9, 10, 12, 13, 16, 26, 29, 32, 33, 36, 39, 44, 47, 67, 88, 90, 91, 94, 110, 113, 116, 117, 120, 123, 128, 131, 132, 133, 134, 135, 137, 139, 142, 144, 145, 147, 149, 153, 157, 158, 161, 171, 176, 180, 184, 187, 188, 189, 192, 194, 195, 196, 198, 202, 203, 205, 208, 263, 290, 293, 295, 297, 298, 300, 303, 304, 306, 309, 310, 312], "summary": {"covered_lines": 71, "num_statements": 113, "percent_covered": 62.83185840707964, "percent_covered_display": "63", "missing_lines": 42, "excluded_lines": 0}, "missing_lines": [40, 41, 58, 59, 61, 62, 63, 64, 163, 165, 167, 168, 169, 170, 173, 181, 221, 222, 225, 226, 227, 231, 232, 234, 235, 237, 239, 242, 243, 244, 245, 248, 249, 251, 252, 254, 255, 256, 257, 260, 313, 315], "excluded_lines": [], "functions": {"_extract_local_name_and_prefix": {"executed_lines": [26, 29, 32, 33, 36, 39, 44], "summary": {"covered_lines": 7, "num_statements": 9, "percent_covered": 77.77777777777777, "percent_covered_display": "78", "missing_lines": 2, "excluded_lines": 0}, "missing_lines": [40, 41], "excluded_lines": []}, "_get_prefix_from_namespace": {"executed_lines": [], "summary": {"covered_lines": 0, "num_statements": 6, "percent_covered": 0.0, "percent_covered_display": "0", "missing_lines": 6, "excluded_lines": 0}, "missing_lines": [58, 59, 61, 62, 63, 64], "excluded_lines": []}, "convert_xml_to_json": {"executed_lines": [88, 90, 91], "summary": {"covered_lines": 3, "num_statements": 3, "percent_covered": 100.0, "percent_covered_display": "100", "missing_lines": 0, "excluded_lines": 0}, "missing_lines": [], "excluded_lines": []}, "_element_to_dict": {"executed_lines": [110, 113, 116, 117, 120, 123, 128, 131, 132, 133, 134, 135, 137, 139, 142, 144, 145, 147, 149, 153, 157, 158, 161, 171, 176, 180, 184, 187, 188, 189, 192, 194, 195, 196, 198, 202, 203, 205], "summary": {"covered_lines": 38, "num_statements": 46, "percent_covered": 82.6086956521739, "percent_covered_display": "83", "missing_lines": 8, "excluded_lines": 0}, "missing_lines": [163, 165, 167, 168, 169, 170, 173, 181], "excluded_lines": []}, "_preserve_data_types": {"executed_lines": [], "summary": {"covered_lines": 0, "num_statements": 24, "percent_covered": 0.0, "percent_covered_display": "0", "missing_lines": 24, "excluded_lines": 0}, "missing_lines": [221, 222, 225, 226, 227, 231, 232, 234, 235, 237, 239, 242, 243, 244, 245, 248, 249, 251, 252, 254, 255, 256, 257, 260], "excluded_lines": []}, "convert_xml_string_to_json": {"executed_lines": [290, 293, 295, 297, 298, 300, 303, 304, 306, 309, 310, 312], "summary": {"covered_lines": 12, "num_statements": 14, "percent_covered": 85.71428571428571, "percent_covered_display": "86", "missing_lines": 2, "excluded_lines": 0}, "missing_lines": [313, 315], "excluded_lines": []}, "": {"executed_lines": [1, 8, 9, 10, 12, 13, 16, 47, 67, 94, 208, 263], "summary": {"covered_lines": 11, "num_statements": 11, "percent_covered": 100.0, "percent_covered_display": "100", "missing_lines": 0, "excluded_lines": 0}, "missing_lines": [], "excluded_lines": []}}, "classes": {"": {"executed_lines": [1, 8, 9, 10, 12, 13, 16, 26, 29, 32, 33, 36, 39, 44, 47, 67, 88, 90, 91, 94, 110, 113, 116, 117, 120, 123, 128, 131, 132, 133, 134, 135, 137, 139, 142, 144, 145, 147, 149, 153, 157, 158, 161, 171, 176, 180, 184, 187, 188, 189, 192, 194, 195, 196, 198, 202, 203, 205, 208, 263, 290, 293, 295, 297, 298, 300, 303, 304, 306, 309, 310, 312], "summary": {"covered_lines": 71, "num_statements": 113, "percent_covered": 62.83185840707964, "percent_covered_display": "63", "missing_lines": 42, "excluded_lines": 0}, "missing_lines": [40, 41, 58, 59, 61, 62, 63, 64, 163, 165, 167, 168, 169, 170, 173, 181, 221, 222, 225, 226, 227, 231, 232, 234, 235, 237, 239, 242, 243, 244, 245, 248, 249, 251, 252, 254, 255, 256, 257, 260, 313, 315], "excluded_lines": []}}}, "app/services/xml_parser.py": {"executed_lines": [1, 13, 14, 15, 16, 19, 41, 46, 51, 52, 54, 57, 58, 61, 64, 72, 107, 110, 111, 121, 129, 133, 134, 136, 138, 139, 140, 142, 147, 149, 151, 152, 155, 158], "summary": {"covered_lines": 33, "num_statements": 40, "percent_covered": 82.5, "percent_covered_display": "82", "missing_lines": 7, "excluded_lines": 0}, "missing_lines": [66, 68, 69, 143, 160, 162, 163], "excluded_lines": [], "functions": {"parse_xml": {"executed_lines": [41, 46, 51, 52, 54, 57, 58, 61, 64], "summary": {"covered_lines": 9, "num_statements": 12, "percent_covered": 75.0, "percent_covered_display": "75", "missing_lines": 3, "excluded_lines": 0}, "missing_lines": [66, 68, 69], "excluded_lines": []}, "parse_xml_streaming": {"executed_lines": [107, 110, 111, 121, 129, 133, 134, 136, 138, 139, 140, 142, 147, 149, 151, 152, 155, 158], "summary": {"covered_lines": 18, "num_statements": 22, "percent_covered": 81.81818181818181, "percent_covered_display": "82", "missing_lines": 4, "excluded_lines": 0}, "missing_lines": [143, 160, 162, 163], "excluded_lines": []}, "": {"executed_lines": [1, 13, 14, 15, 16, 19, 72], "summary": {"covered_lines": 6, "num_statements": 6, "percent_covered": 100.0, "percent_covered_display": "100", "missing_lines": 0, "excluded_lines": 0}, "missing_lines": [], "excluded_lines": []}}, "classes": {"": {"executed_lines": [1, 13, 14, 15, 16, 19, 41, 46, 51, 52, 54, 57, 58, 61, 64, 72, 107, 110, 111, 121, 129, 133, 134, 136, 138, 139, 140, 142, 147, 149, 151, 152, 155, 158], "summary": {"covered_lines": 33, "num_statements": 40, "percent_covered": 82.5, "percent_covered_display": "82", "missing_lines": 7, "excluded_lines": 0}, "missing_lines": [66, 68, 69, 143, 160, 162, 163], "excluded_lines": []}}}, "app/utils/__init__.py": {"executed_lines": [1], "summary": {"covered_lines": 0, "num_statements": 0, "percent_covered": 100.0, "percent_covered_display": "100", "missing_lines": 0, "excluded_lines": 0}, "missing_lines": [], "excluded_lines": [], "functions": {"": {"executed_lines": [1], "summary": {"covered_lines": 0, "num_statements": 0, "percent_covered": 100.0, "percent_covered_display": "100", "missing_lines": 0, "excluded_lines": 0}, "missing_lines": [], "excluded_lines": []}}, "classes": {"": {"executed_lines": [1], "summary": {"covered_lines": 0, "num_statements": 0, "percent_covered": 100.0, "percent_covered_display": "100", "missing_lines": 0, "excluded_lines": 0}, "missing_lines": [], "excluded_lines": []}}}, "app/utils/validators.py": {"executed_lines": [1, 8, 9, 10, 14, 15, 16, 17, 18, 19, 20, 23, 47, 54, 55, 57, 60, 80, 81, 82, 86, 94, 104, 105, 113, 123, 131, 152, 176, 177, 180, 181, 182, 183, 184, 185, 191, 192, 194, 198, 199, 200, 206, 212, 213, 215, 216, 221, 223, 224, 229], "summary": {"covered_lines": 50, "num_statements": 53, "percent_covered": 94.33962264150944, "percent_covered_display": "94", "missing_lines": 3, "excluded_lines": 0}, "missing_lines": [83, 84, 144], "excluded_lines": [], "functions": {"format_error_response": {"executed_lines": [47, 54, 55, 57], "summary": {"covered_lines": 4, "num_statements": 4, "percent_covered": 100.0, "percent_covered_display": "100", "missing_lines": 0, "excluded_lines": 0}, "missing_lines": [], "excluded_lines": []}, "format_xml_validation_error": {"executed_lines": [80, 81, 82, 86], "summary": {"covered_lines": 4, "num_statements": 6, "percent_covered": 66.66666666666667, "percent_covered_display": "67", "missing_lines": 2, "excluded_lines": 0}, "missing_lines": [83, 84], "excluded_lines": []}, "format_content_type_error": {"executed_lines": [104, 105], "summary": {"covered_lines": 2, "num_statements": 2, "percent_covered": 100.0, "percent_covered_display": "100", "missing_lines": 0, "excluded_lines": 0}, "missing_lines": [], "excluded_lines": []}, "format_file_size_error": {"executed_lines": [123], "summary": {"covered_lines": 1, "num_statements": 1, "percent_covered": 100.0, "percent_covered_display": "100", "missing_lines": 0, "excluded_lines": 0}, "missing_lines": [], "excluded_lines": []}, "format_server_error": {"executed_lines": [], "summary": {"covered_lines": 0, "num_statements": 1, "percent_covered": 0.0, "percent_covered_display": "0", "missing_lines": 1, "excluded_lines": 0}, "missing_lines": [144], "excluded_lines": []}, "validate_request_size": {"executed_lines": [176, 177, 180, 181, 182, 183, 184, 185, 191, 192, 194, 198, 199, 200, 206, 212, 213, 215, 216, 221, 223, 224, 229], "summary": {"covered_lines": 23, "num_statements": 23, "percent_covered": 100.0, "percent_covered_display": "100", "missing_lines": 0, "excluded_lines": 0}, "missing_lines": [], "excluded_lines": []}, "": {"executed_lines": [1, 8, 9, 10, 14, 15, 16, 17, 18, 19, 20, 23, 60, 94, 113, 131, 152], "summary": {"covered_lines": 16, "num_statements": 16, "percent_covered": 100.0, "percent_covered_display": "100", "missing_lines": 0, "excluded_lines": 0}, "missing_lines": [], "excluded_lines": []}}, "classes": {"": {"executed_lines": [1, 8, 9, 10, 14, 15, 16, 17, 18, 19, 20, 23, 47, 54, 55, 57, 60, 80, 81, 82, 86, 94, 104, 105, 113, 123, 131, 152, 176, 177, 180, 181, 182, 183, 184, 185, 191, 192, 194, 198, 199, 200, 206, 212, 213, 215, 216, 221, 223, 224, 229], "summary": {"covered_lines": 50, "num_statements": 53, "percent_covered": 94.33962264150944, "percent_covered_display": "94", "missing_lines": 3, "excluded_lines": 0}, "missing_lines": [83, 84, 144], "excluded_lines": []}}}}, "totals": {"covered_lines": 262, "num_statements": 346, "percent_covered": 75.72254335260115, "percent_covered_display": "76", "missing_lines": 84, "excluded_lines": 0}}